2025-09-25 21:43:04,319 - __main__ - INFO - Parameters: posts=25, filter=day, comments=None
2025-09-25 21:43:04,412 - __main__ - INFO - Parameters: posts=25, filter=day, comments=None
2025-09-25 21:43:04,562 - RedditETL-universityofauckland - INFO - Starting full ETL pipeline for r/universityofauckland
2025-09-25 21:43:04,562 - RedditETL-universityofauckland - INFO - Starting post extraction - limit: 25, filter: day
2025-09-25 21:43:04,574 - RedditETL-universityofauckland - INFO - Starting full ETL pipeline for r/universityofauckland
2025-09-25 21:43:04,574 - RedditETL-universityofauckland - INFO - Starting post extraction - limit: 25, filter: day
2025-09-25 21:43:10,126 - RedditETL-universityofauckland - INFO - Extracted 13 posts from r/universityofauckland
2025-09-25 21:43:10,232 - RedditETL-universityofauckland - INFO - Post extraction completed: {'posts_saved': 13, 'posts_skipped': 0, 'total_extracted': 13}
2025-09-25 21:43:10,235 - RedditETL-universityofauckland - INFO - Starting comment extraction for 13 posts
2025-09-25 21:43:10,649 - RedditETL-universityofauckland - INFO - Extracted 13 posts from r/universityofauckland
2025-09-25 21:43:10,679 - RedditETL-universityofauckland - INFO - Post extraction completed: {'posts_saved': 0, 'posts_skipped': 13, 'total_extracted': 13}
2025-09-25 21:43:10,679 - RedditETL-universityofauckland - INFO - No new posts saved, skipping comment extraction
2025-09-25 21:43:10,679 - RedditETL-universityofauckland - INFO - Full pipeline completed in 6.12s: {'pipeline_duration_seconds': 6.117789, 'posts': {'posts_saved': 0, 'posts_skipped': 13, 'total_extracted': 13}, 'comments': {'comments_saved': 0, 'comments_skipped': 0, 'total_extracted': 0, 'posts_processed': 0}, 'total_data_points': 0}
2025-09-25 21:43:14,943 - RedditETL-universityofauckland - INFO - Comment extraction completed: {'comments_saved': 47, 'comments_skipped': 0, 'total_extracted': 47, 'posts_processed': 13}
2025-09-25 21:43:14,943 - RedditETL-universityofauckland - INFO - Full pipeline completed in 10.37s: {'pipeline_duration_seconds': 10.368955, 'posts': {'posts_saved': 13, 'posts_skipped': 0, 'total_extracted': 13}, 'comments': {'comments_saved': 47, 'comments_skipped': 0, 'total_extracted': 47, 'posts_processed': 13}, 'total_data_points': 60}
2025-09-25 21:46:35,381 - __main__ - INFO - Starting Reddit ETL Pipeline - Command: extract
2025-09-25 21:46:35,381 - __main__ - INFO - Reddit API credentials configured
2025-09-25 21:46:35,381 - __main__ - INFO - Database configured: postgresql+psycopg2://postgres:postgres@[HIDDEN]
2025-09-25 21:46:35,381 - __main__ - INFO - Starting single extraction for r/universityofauckland
2025-09-25 21:46:35,381 - __main__ - INFO - Parameters: posts=25, filter=day, comments=None
2025-09-25 21:46:35,520 - __main__ - INFO - Current stats - Posts: 17, Comments: 49
2025-09-25 21:46:35,520 - RedditETL-universityofauckland - INFO - Starting full ETL pipeline for r/universityofauckland
2025-09-25 21:46:35,520 - RedditETL-universityofauckland - INFO - Starting post extraction - limit: 25, filter: day
2025-09-25 21:46:41,555 - RedditETL-universityofauckland - INFO - Extracted 13 posts from r/universityofauckland
2025-09-25 21:46:41,585 - RedditETL-universityofauckland - INFO - Post extraction completed: {'posts_saved': 0, 'posts_skipped': 13, 'total_extracted': 13}
2025-09-25 21:46:41,585 - RedditETL-universityofauckland - INFO - No new posts saved, skipping comment extraction
2025-09-25 21:46:41,585 - RedditETL-universityofauckland - INFO - Full pipeline completed in 6.06s: {'pipeline_duration_seconds': 6.064225, 'posts': {'posts_saved': 0, 'posts_skipped': 13, 'total_extracted': 13}, 'comments': {'comments_saved': 0, 'comments_skipped': 0, 'total_extracted': 0, 'posts_processed': 0}, 'total_data_points': 0}
2025-09-25 21:46:41,585 - __main__ - INFO - Extraction completed in 6.06s
2025-09-25 21:46:41,585 - __main__ - INFO - Data extracted: 0 total items
2025-09-25 21:46:41,585 - __main__ - INFO - Posts: 0 saved, 13 skipped
2025-09-25 21:46:41,585 - __main__ - INFO - Comments: 0 saved, 0 skipped
2025-09-25 21:46:41,585 - __main__ - INFO - Application finished
2025-09-25 21:47:39,559 - __main__ - INFO - Starting Reddit ETL Pipeline - Command: extract
2025-09-25 21:47:39,560 - __main__ - INFO - Reddit API credentials configured
2025-09-25 21:47:39,560 - __main__ - INFO - Database configured: postgresql+psycopg2://postgres:postgres@[HIDDEN]
2025-09-25 21:47:39,560 - __main__ - INFO - Starting single extraction for r/universityofauckland
2025-09-25 21:47:39,560 - __main__ - INFO - Parameters: posts=25, filter=day, comments=None
2025-09-25 21:47:39,710 - __main__ - INFO - Current stats - Posts: 17, Comments: 49
2025-09-25 21:47:39,710 - RedditETL-universityofauckland - INFO - Starting full ETL pipeline for r/universityofauckland
2025-09-25 21:47:39,711 - RedditETL-universityofauckland - INFO - Starting post extraction - limit: 25, filter: day
2025-09-25 21:47:45,424 - RedditETL-universityofauckland - INFO - Extracted 13 posts from r/universityofauckland
2025-09-25 21:47:45,457 - RedditETL-universityofauckland - INFO - Post extraction completed: {'posts_saved': 0, 'posts_skipped': 13, 'total_extracted': 13}
2025-09-25 21:47:45,457 - RedditETL-universityofauckland - INFO - No new posts saved, skipping comment extraction
2025-09-25 21:47:45,457 - RedditETL-universityofauckland - INFO - Full pipeline completed in 5.75s: {'pipeline_duration_seconds': 5.746492, 'posts': {'posts_saved': 0, 'posts_skipped': 13, 'total_extracted': 13}, 'comments': {'comments_saved': 0, 'comments_skipped': 0, 'total_extracted': 0, 'posts_processed': 0}, 'total_data_points': 0}
2025-09-25 21:47:45,457 - __main__ - INFO - Extraction completed in 5.75s
2025-09-25 21:47:45,457 - __main__ - INFO - Data extracted: 0 total items
2025-09-25 21:47:45,457 - __main__ - INFO - Posts: 0 saved, 13 skipped
2025-09-25 21:47:45,457 - __main__ - INFO - Comments: 0 saved, 0 skipped
2025-09-25 21:47:45,458 - __main__ - INFO - Application finished
